======================================================
Starting job 2015647 on host gpu117
Job allocated to partition: gpu
Job allocated CPUs: 40
Job allocated Memory: 184320 MB
Job allocated GPUs: 0,1,2,3
Batch Size: 128
======================================================
Modules loaded.
Activated Conda environment: torch_cvnn
--- Running Diagnostics ---
Wed Jul  2 14:21:03 2025       
+-----------------------------------------------------------------------------------------+
| NVIDIA-SMI 550.127.05             Driver Version: 550.127.05     CUDA Version: 12.4     |
|-----------------------------------------+------------------------+----------------------+
| GPU  Name                 Persistence-M | Bus-Id          Disp.A | Volatile Uncorr. ECC |
| Fan  Temp   Perf          Pwr:Usage/Cap |           Memory-Usage | GPU-Util  Compute M. |
|                                         |                        |               MIG M. |
|=========================================+========================+======================|
|   0  NVIDIA L40S                    On  |   00000000:49:00.0 Off |                    0 |
| N/A   32C    P8             33W /  350W |       1MiB /  46068MiB |      0%      Default |
|                                         |                        |                  N/A |
+-----------------------------------------+------------------------+----------------------+
|   1  NVIDIA L40S                    On  |   00000000:61:00.0 Off |                    0 |
| N/A   32C    P8             32W /  350W |       1MiB /  46068MiB |      0%      Default |
|                                         |                        |                  N/A |
+-----------------------------------------+------------------------+----------------------+
|   2  NVIDIA L40S                    On  |   00000000:C9:00.0 Off |                    0 |
| N/A   32C    P8             35W /  350W |       1MiB /  46068MiB |      0%      Default |
|                                         |                        |                  N/A |
+-----------------------------------------+------------------------+----------------------+
|   3  NVIDIA L40S                    On  |   00000000:E1:00.0 Off |                    0 |
| N/A   33C    P8             32W /  350W |       1MiB /  46068MiB |      0%      Default |
|                                         |                        |                  N/A |
+-----------------------------------------+------------------------+----------------------+
                                                                                         
+-----------------------------------------------------------------------------------------+
| Processes:                                                                              |
|  GPU   GI   CI        PID   Type   Process name                              GPU Memory |
|        ID   ID                                                               Usage      |
|=========================================================================================|
|  No running processes found                                                             |
+-----------------------------------------------------------------------------------------+
Which python: /bsuhome/liamlaidlaw/.conda/envs/torch_cvnn/bin/python
CUDA available: True
PyTorch version: 2.6.0+cu118
GPU Count: 4
---------------------------
Starting DataParallel training script...
